\BOOKMARK [1][-]{section.1}{Objetivos}{}% 1
\BOOKMARK [2][-]{subsection.1.1}{Objetivos Generales}{section.1}% 2
\BOOKMARK [2][-]{subsection.1.2}{Objetivos Especificos}{section.1}% 3
\BOOKMARK [1][-]{section.2}{Introducci\363n}{}% 4
\BOOKMARK [2][-]{subsection.2.1}{Inteligencia Artificial}{section.2}% 5
\BOOKMARK [3][-]{subsubsection.2.1.1}{Conceptos Generales}{subsection.2.1}% 6
\BOOKMARK [3][-]{subsubsection.2.1.2}{B\372squeda entre Adversarios}{subsection.2.1}% 7
\BOOKMARK [3][-]{subsubsection.2.1.3}{Problema de Satisfacci\363n de Restricciones}{subsection.2.1}% 8
\BOOKMARK [3][-]{subsubsection.2.1.4}{Machine Learning}{subsection.2.1}% 9
\BOOKMARK [3][-]{subsubsection.2.1.5}{Proceso de Markov}{subsection.2.1}% 10
\BOOKMARK [1][-]{section.3}{Estado del arte}{}% 11
\BOOKMARK [2][-]{subsection.3.1}{Art\355culos Cient\355ficos}{section.3}% 12
\BOOKMARK [3][-]{subsubsection.3.1.1}{Backtrack an O\(1\) expected time Algorithm for the Graph Coloring Problem by Herbert Wilf}{subsection.3.1}% 13
\BOOKMARK [3][-]{subsubsection.3.1.2}{On the Analysis of Backtrack Procedures for the Colouring of Random Graphs by Remi Monasson}{subsection.3.1}% 14
\BOOKMARK [3][-]{subsubsection.3.1.3}{A Formal Proof of the Four Color Theorem by Limin Xiang}{subsection.3.1}% 15
\BOOKMARK [1][-]{section.4}{Cuerpo}{}% 16
\BOOKMARK [2][-]{subsection.4.1}{Definici\363n de un Problema de Satisfacci\363n de Restriciones}{section.4}% 17
\BOOKMARK [2][-]{subsection.4.2}{Problema de Coloraci\363n de Mapas}{section.4}% 18
\BOOKMARK [2][-]{subsection.4.3}{Teorema de los 4 Colores}{section.4}% 19
\BOOKMARK [2][-]{subsection.4.4}{Resoluci\363n del PSR}{section.4}% 20
\BOOKMARK [3][-]{subsubsection.4.4.1}{Modelazi\363n del Problema}{subsection.4.4}% 21
\BOOKMARK [3][-]{subsubsection.4.4.2}{Procesar las restricciones}{subsection.4.4}% 22
\BOOKMARK [1][-]{section.5}{Dise\361o del experimento}{}% 23
\BOOKMARK [2][-]{subsection.5.1}{Objetos}{section.5}% 24
\BOOKMARK [2][-]{subsection.5.2}{Funciones}{section.5}% 25
\BOOKMARK [2][-]{subsection.5.3}{T\351cnicas}{section.5}% 26
\BOOKMARK [1][-]{section.6}{Experimentos y resultados}{}% 27
\BOOKMARK [1][-]{section.7}{Discusi\363n}{}% 28
\BOOKMARK [2][-]{subsection.7.1}{Interpretaci\363n de los resultados optenidos}{section.7}% 29
\BOOKMARK [2][-]{subsection.7.2}{\277C\363mo se podria mejorar los resultados?}{section.7}% 30
\BOOKMARK [3][-]{subsubsection.7.2.1}{Algoritmos de Optimizaci\363n}{subsection.7.2}% 31
\BOOKMARK [3][-]{subsubsection.7.2.2}{Heur\355sticas}{subsection.7.2}% 32
\BOOKMARK [1][-]{section.8}{Conclusi\363n}{}% 33
\BOOKMARK [1][-]{section.9}{Bibliograf\355a}{}% 34
